<?xml version="1.0" encoding="UTF-8"?>
<testng-results ignored="0" total="1" passed="1" failed="0" skipped="0">
  <reporter-output>
    <line>
      <![CDATA[11230 : has been passed to ---->[[ChromeDriver: chrome on WINDOWS (088719527d59e903e0db21203fd07837)] -> name: zipCode]<br>]]>
    </line>
    <line>
      <![CDATA[[[ChromeDriver: chrome on WINDOWS (088719527d59e903e0db21203fd07837)] -> id: trans-fake-get-quote] <---- has been clicked<br>]]>
    </line>
    <line>
      <![CDATA[[[ChromeDriver: chrome on WINDOWS (088719527d59e903e0db21203fd07837)] -> xpath: //label[@id='lbl-0-1']] <---- has been clicked<br>]]>
    </line>
    <line>
      <![CDATA[[[ChromeDriver: chrome on WINDOWS (088719527d59e903e0db21203fd07837)] -> id: body-btn-get-quote] <---- has been clicked<br>]]>
    </line>
  </reporter-output>
  <suite started-at="2022-11-12T01:17:06 EST" name="Default suite" finished-at="2022-11-12T01:17:10 EST" duration-ms="4133">
    <groups>
    </groups>
    <test started-at="2022-11-12T01:17:06 EST" name="Default test" finished-at="2022-11-12T01:17:10 EST" duration-ms="4133">
      <class name="auto.AutoTest">
        <test-method is-config="true" signature="setUpDriver()[pri:0, instance:auto.AutoTest@316bcf94]" started-at="2022-11-12T01:17:06 EST" name="setUpDriver" finished-at="2022-11-12T01:17:09 EST" duration-ms="3463" status="PASS">
          <reporter-output>
          </reporter-output>
        </test-method> <!-- setUpDriver -->
        <test-method signature="aTest()[pri:0, instance:auto.AutoTest@316bcf94]" started-at="2022-11-12T01:17:09 EST" name="aTest" finished-at="2022-11-12T01:17:10 EST" duration-ms="649" status="PASS">
          <reporter-output>
            <line>
              <![CDATA[11230 : has been passed to ---->[[ChromeDriver: chrome on WINDOWS (088719527d59e903e0db21203fd07837)] -> name: zipCode]<br>]]>
            </line>
            <line>
              <![CDATA[[[ChromeDriver: chrome on WINDOWS (088719527d59e903e0db21203fd07837)] -> id: trans-fake-get-quote] <---- has been clicked<br>]]>
            </line>
            <line>
              <![CDATA[[[ChromeDriver: chrome on WINDOWS (088719527d59e903e0db21203fd07837)] -> xpath: //label[@id='lbl-0-1']] <---- has been clicked<br>]]>
            </line>
            <line>
              <![CDATA[[[ChromeDriver: chrome on WINDOWS (088719527d59e903e0db21203fd07837)] -> id: body-btn-get-quote] <---- has been clicked<br>]]>
            </line>
          </reporter-output>
        </test-method> <!-- aTest -->
      </class> <!-- auto.AutoTest -->
    </test> <!-- Default test -->
  </suite> <!-- Default suite -->
</testng-results>
